<?xml version="1.0" encoding="UTF-8"?>
<!-- Generated by org.testng.reporters.JUnitReportReporter -->
<testsuite hostname="DESKTOP-1GNI9SA" failures="0" tests="1" name="com.XYZBanking.testcases.TC001_UserLoginTest" time="8.616" errors="0" timestamp="2020-04-15T02:53:10 IST" skipped="0">
  <testcase classname="com.XYZBanking.testcases.TC001_UserLoginTest" name="loginTest" time="8.616"/>
</testsuite> <!-- com.XYZBanking.testcases.TC001_UserLoginTest -->
