<?xml version="1.0" encoding="UTF-8"?>
<!-- Generated by org.testng.reporters.JUnitReportReporter -->
<testsuite hostname="DESKTOP-1GNI9SA" failures="0" tests="1" name="com.XYZBanking.testcases.TC003_AddCutomer" time="17.995" errors="0" timestamp="2020-04-18T03:09:09 IST" skipped="0">
  <testcase classname="com.XYZBanking.testcases.TC003_AddCutomer" name="addNewCutomer" time="17.995"/>
</testsuite> <!-- com.XYZBanking.testcases.TC003_AddCutomer -->
